2021-12-06 11:46:27,263:INFO:PyCaret Supervised Module
2021-12-06 11:46:27,263:INFO:ML Usecase: classification
2021-12-06 11:46:27,264:INFO:version 2.3.5
2021-12-06 11:46:27,264:INFO:Initializing setup()
2021-12-06 11:46:27,264:INFO:setup(target=Potability, ml_usecase=classification, available_plots={'parameter': 'Hyperparameters', 'auc': 'AUC', 'confusion_matrix': 'Confusion Matrix', 'threshold': 'Threshold', 'pr': 'Precision Recall', 'error': 'Prediction Error', 'class_report': 'Class Report', 'rfe': 'Feature Selection', 'learning': 'Learning Curve', 'manifold': 'Manifold Learning', 'calibration': 'Calibration Curve', 'vc': 'Validation Curve', 'dimension': 'Dimensions', 'feature': 'Feature Importance', 'feature_all': 'Feature Importance (All)', 'boundary': 'Decision Boundary', 'lift': 'Lift Chart', 'gain': 'Gain Chart', 'tree': 'Decision Tree', 'ks': 'KS Statistic Plot'}, train_size=0.7, test_data=None, preprocess=True, imputation_type=simple, iterative_imputation_iters=5, categorical_features=None, categorical_imputation=constant, categorical_iterative_imputer=lightgbm, ordinal_features=None, high_cardinality_features=None, high_cardinality_method=frequency, numeric_features=None, numeric_imputation=mean, numeric_iterative_imputer=lightgbm, date_features=None, ignore_features=None, normalize=False, normalize_method=zscore, transformation=False, transformation_method=yeo-johnson, handle_unknown_categorical=True, unknown_categorical_method=least_frequent, pca=False, pca_method=linear, pca_components=None, ignore_low_variance=False, combine_rare_levels=False, rare_level_threshold=0.1, bin_numeric_features=None, remove_outliers=False, outliers_threshold=0.05, remove_multicollinearity=False, multicollinearity_threshold=0.9, remove_perfect_collinearity=True, create_clusters=False, cluster_iter=20, polynomial_features=False, polynomial_degree=2, trigonometry_features=False, polynomial_threshold=0.1, group_features=None, group_names=None, feature_selection=False, feature_selection_threshold=0.8, feature_selection_method=classic, feature_interaction=False, feature_ratio=False, interaction_threshold=0.01, fix_imbalance=False, fix_imbalance_method=None, transform_target=False, transform_target_method=box-cox, data_split_shuffle=True, data_split_stratify=False, fold_strategy=stratifiedkfold, fold=10, fold_shuffle=False, fold_groups=None, n_jobs=-1, use_gpu=False, custom_pipeline=None, html=True, session_id=786, log_experiment=False, experiment_name=None, log_plots=False, log_profile=False, log_data=False, silent=True, verbose=True, profile=False, profile_kwargs=None, display=None)
2021-12-06 11:46:27,265:INFO:Checking environment
2021-12-06 11:46:27,265:INFO:python_version: 3.8.8
2021-12-06 11:46:27,265:INFO:python_build: ('default', 'Apr 13 2021 15:08:03')
2021-12-06 11:46:27,265:INFO:machine: AMD64
2021-12-06 11:46:27,266:INFO:platform: Windows-10-10.0.19041-SP0
2021-12-06 11:46:27,266:INFO:Memory: svmem(total=7907569664, available=2779160576, percent=64.9, used=5128409088, free=2779160576)
2021-12-06 11:46:27,267:INFO:Physical Core: 6
2021-12-06 11:46:27,267:INFO:Logical Core: 12
2021-12-06 11:46:27,267:INFO:Checking libraries
2021-12-06 11:46:27,267:INFO:pd==1.2.4
2021-12-06 11:46:27,267:INFO:numpy==1.20.1
2021-12-06 11:46:27,267:INFO:sklearn==0.23.2
2021-12-06 11:46:27,268:INFO:lightgbm==3.3.1
2021-12-06 11:46:28,302:INFO:catboost==1.0.1.11072
2021-12-06 11:46:28,911:INFO:xgboost==1.4.2
2021-12-06 11:46:31,000:INFO:mlflow==1.22.0
2021-12-06 11:46:31,001:INFO:Checking Exceptions
2021-12-06 11:46:31,001:INFO:Declaring global variables
2021-12-06 11:46:31,001:INFO:USI: 10ce
2021-12-06 11:46:31,001:INFO:pycaret_globals: {'display_container', 'exp_name_log', 'logging_param', 'X', 'seed', 'prep_pipe', 'fold_param', '_all_models_internal', 'fix_imbalance_param', 'gpu_param', 'html_param', 'log_plots_param', 'fix_imbalance_method_param', 'fold_groups_param', 'n_jobs_param', '_all_models', '_available_plots', 'stratify_param', 'fold_shuffle_param', 'USI', 'transform_target_param', '_all_metrics', 'iterative_imputation_iters_param', 'pycaret_globals', 'target_param', 'fold_generator', '_gpu_n_jobs_param', 'experiment__', 'X_train', 'master_model_container', '_internal_pipeline', 'y_test', 'data_before_preprocess', 'imputation_regressor', 'X_test', 'fold_groups_param_full', '_ml_usecase', 'y', 'transform_target_method_param', 'y_train', 'imputation_classifier', 'create_model_container'}
2021-12-06 11:46:31,001:INFO:Preparing display monitor
2021-12-06 11:46:31,002:INFO:Preparing display monitor
2021-12-06 11:46:31,058:INFO:Importing libraries
2021-12-06 11:46:31,058:INFO:Copying data for preprocessing
2021-12-06 11:46:31,100:INFO:Declaring preprocessing parameters
2021-12-06 11:46:31,103:INFO:Creating preprocessing pipeline
2021-12-06 11:46:31,124:INFO:Preprocessing pipeline created successfully
2021-12-06 11:46:31,125:ERROR:(Process Exit): setup has been interupted with user command 'quit'. setup must rerun.
2021-12-06 11:46:31,125:INFO:Creating global containers
2021-12-06 11:46:31,129:INFO:Internal pipeline: Pipeline(memory=None, steps=[('empty_step', 'passthrough')], verbose=False)
2021-12-06 11:46:32,726:INFO:Creating grid variables
2021-12-06 11:46:32,774:INFO:create_model_container: 0
2021-12-06 11:46:32,774:INFO:master_model_container: 0
2021-12-06 11:46:32,775:INFO:display_container: 1
2021-12-06 11:46:32,785:INFO:Pipeline(memory=None,
         steps=[('dtypes',
                 DataTypes_Auto_infer(categorical_features=[],
                                      display_types=False, features_todrop=[],
                                      id_columns=[],
                                      ml_usecase='classification',
                                      numerical_features=[],
                                      target='Potability', time_features=[])),
                ('imputer',
                 Simple_Imputer(categorical_strategy='not_available',
                                fill_value_categorical=None,
                                fill_value_numerical=None,
                                numeric_...
                ('scaling', 'passthrough'), ('P_transform', 'passthrough'),
                ('binn', 'passthrough'), ('rem_outliers', 'passthrough'),
                ('cluster_all', 'passthrough'),
                ('dummy', Dummify(target='Potability')),
                ('fix_perfect', Remove_100(target='Potability')),
                ('clean_names', Clean_Colum_Names()),
                ('feature_select', 'passthrough'), ('fix_multi', 'passthrough'),
                ('dfs', 'passthrough'), ('pca', 'passthrough')],
         verbose=False)
2021-12-06 11:46:32,785:INFO:setup() succesfully completed......................................
2021-12-06 11:46:33,199:INFO:Initializing compare_models()
2021-12-06 11:46:33,199:INFO:compare_models(include=None, fold=None, round=4, cross_validation=True, sort=Accuracy, n_select=1, budget_time=None, turbo=True, errors=ignore, fit_kwargs=None, groups=None, probability_threshold=None, verbose=True, display=None, exclude=None)
2021-12-06 11:46:33,200:INFO:Checking exceptions
2021-12-06 11:46:33,201:INFO:Preparing display monitor
2021-12-06 11:46:33,201:INFO:Preparing display monitor
2021-12-06 11:46:33,265:INFO:Initializing Logistic Regression
2021-12-06 11:46:33,266:INFO:Total runtime is 1.668532689412435e-05 minutes
2021-12-06 11:46:33,285:INFO:SubProcess create_model() called ==================================
2021-12-06 11:46:33,286:INFO:Initializing create_model()
2021-12-06 11:46:33,286:INFO:create_model(estimator=lr, fold=StratifiedKFold(n_splits=10, random_state=None, shuffle=False), round=4, cross_validation=True, predict=True, fit_kwargs={}, groups=None, refit=False, verbose=False, system=False, metrics=None, add_to_model_list=True, probability_threshold=None, display=<pycaret.internal.Display.Display object at 0x0000014D192D6550>, kwargs={})
2021-12-06 11:46:33,286:INFO:Checking exceptions
2021-12-06 11:46:33,286:INFO:Importing libraries
2021-12-06 11:46:33,286:INFO:Copying training dataset
2021-12-06 11:46:33,287:INFO:Defining folds
2021-12-06 11:46:33,288:INFO:Declaring metric variables
2021-12-06 11:46:33,303:INFO:Importing untrained model
2021-12-06 11:46:33,322:INFO:Logistic Regression Imported succesfully
2021-12-06 11:46:33,351:INFO:Starting cross validation
2021-12-06 11:46:33,353:INFO:Cross validating with StratifiedKFold(n_splits=10, random_state=None, shuffle=False), n_jobs=-1
2021-12-06 11:47:01,187:INFO:Calculating mean and std
2021-12-06 11:47:01,190:INFO:Creating metrics dataframe
2021-12-06 11:47:01,203:INFO:Uploading results into container
2021-12-06 11:47:01,204:INFO:Uploading model into container now
2021-12-06 11:47:01,205:INFO:create_model_container: 1
2021-12-06 11:47:01,205:INFO:master_model_container: 1
2021-12-06 11:47:01,205:INFO:display_container: 2
2021-12-06 11:47:01,206:INFO:LogisticRegression(C=1.0, class_weight=None, dual=False, fit_intercept=True,
                   intercept_scaling=1, l1_ratio=None, max_iter=1000,
                   multi_class='auto', n_jobs=None, penalty='l2',
                   random_state=786, solver='lbfgs', tol=0.0001, verbose=0,
                   warm_start=False)
2021-12-06 11:47:01,207:INFO:create_model() succesfully completed......................................
2021-12-06 11:47:01,691:INFO:SubProcess create_model() end ==================================
2021-12-06 11:47:01,691:INFO:Creating metrics dataframe
2021-12-06 11:47:01,721:INFO:Initializing K Neighbors Classifier
2021-12-06 11:47:01,722:INFO:Total runtime is 0.47427817980448406 minutes
2021-12-06 11:47:01,747:INFO:SubProcess create_model() called ==================================
2021-12-06 11:47:01,749:INFO:Initializing create_model()
2021-12-06 11:47:01,749:INFO:create_model(estimator=knn, fold=StratifiedKFold(n_splits=10, random_state=None, shuffle=False), round=4, cross_validation=True, predict=True, fit_kwargs={}, groups=None, refit=False, verbose=False, system=False, metrics=None, add_to_model_list=True, probability_threshold=None, display=<pycaret.internal.Display.Display object at 0x0000014D192D6550>, kwargs={})
2021-12-06 11:47:01,749:INFO:Checking exceptions
2021-12-06 11:47:01,749:INFO:Importing libraries
2021-12-06 11:47:01,749:INFO:Copying training dataset
2021-12-06 11:47:01,752:INFO:Defining folds
2021-12-06 11:47:01,753:INFO:Declaring metric variables
2021-12-06 11:47:01,779:INFO:Importing untrained model
2021-12-06 11:47:01,796:INFO:K Neighbors Classifier Imported succesfully
2021-12-06 11:47:01,832:INFO:Starting cross validation
2021-12-06 11:47:01,834:INFO:Cross validating with StratifiedKFold(n_splits=10, random_state=None, shuffle=False), n_jobs=-1
2021-12-06 11:47:05,295:INFO:Calculating mean and std
2021-12-06 11:47:05,296:INFO:Creating metrics dataframe
2021-12-06 11:47:05,304:INFO:Uploading results into container
2021-12-06 11:47:05,305:INFO:Uploading model into container now
2021-12-06 11:47:05,305:INFO:create_model_container: 2
2021-12-06 11:47:05,305:INFO:master_model_container: 2
2021-12-06 11:47:05,305:INFO:display_container: 2
2021-12-06 11:47:05,305:INFO:KNeighborsClassifier(algorithm='auto', leaf_size=30, metric='minkowski',
                     metric_params=None, n_jobs=-1, n_neighbors=5, p=2,
                     weights='uniform')
2021-12-06 11:47:05,306:INFO:create_model() succesfully completed......................................
2021-12-06 11:47:05,520:INFO:SubProcess create_model() end ==================================
2021-12-06 11:47:05,520:INFO:Creating metrics dataframe
2021-12-06 11:47:05,543:INFO:Initializing Naive Bayes
2021-12-06 11:47:05,543:INFO:Total runtime is 0.537968655427297 minutes
2021-12-06 11:47:05,555:INFO:SubProcess create_model() called ==================================
2021-12-06 11:47:05,556:INFO:Initializing create_model()
2021-12-06 11:47:05,557:INFO:create_model(estimator=nb, fold=StratifiedKFold(n_splits=10, random_state=None, shuffle=False), round=4, cross_validation=True, predict=True, fit_kwargs={}, groups=None, refit=False, verbose=False, system=False, metrics=None, add_to_model_list=True, probability_threshold=None, display=<pycaret.internal.Display.Display object at 0x0000014D192D6550>, kwargs={})
2021-12-06 11:47:05,557:INFO:Checking exceptions
2021-12-06 11:47:05,557:INFO:Importing libraries
2021-12-06 11:47:05,557:INFO:Copying training dataset
2021-12-06 11:47:05,559:INFO:Defining folds
2021-12-06 11:47:05,559:INFO:Declaring metric variables
2021-12-06 11:47:05,573:INFO:Importing untrained model
2021-12-06 11:47:05,584:INFO:Naive Bayes Imported succesfully
2021-12-06 11:47:05,609:INFO:Starting cross validation
2021-12-06 11:47:05,610:INFO:Cross validating with StratifiedKFold(n_splits=10, random_state=None, shuffle=False), n_jobs=-1
2021-12-06 11:47:05,674:INFO:Calculating mean and std
2021-12-06 11:47:05,675:INFO:Creating metrics dataframe
2021-12-06 11:47:05,680:INFO:Uploading results into container
2021-12-06 11:47:05,681:INFO:Uploading model into container now
2021-12-06 11:47:05,681:INFO:create_model_container: 3
2021-12-06 11:47:05,681:INFO:master_model_container: 3
2021-12-06 11:47:05,681:INFO:display_container: 2
2021-12-06 11:47:05,681:INFO:GaussianNB(priors=None, var_smoothing=1e-09)
2021-12-06 11:47:05,682:INFO:create_model() succesfully completed......................................
2021-12-06 11:47:05,872:INFO:SubProcess create_model() end ==================================
2021-12-06 11:47:05,872:INFO:Creating metrics dataframe
2021-12-06 11:47:05,894:INFO:Initializing Decision Tree Classifier
2021-12-06 11:47:05,894:INFO:Total runtime is 0.5438199440638225 minutes
2021-12-06 11:47:05,906:INFO:SubProcess create_model() called ==================================
2021-12-06 11:47:05,907:INFO:Initializing create_model()
2021-12-06 11:47:05,907:INFO:create_model(estimator=dt, fold=StratifiedKFold(n_splits=10, random_state=None, shuffle=False), round=4, cross_validation=True, predict=True, fit_kwargs={}, groups=None, refit=False, verbose=False, system=False, metrics=None, add_to_model_list=True, probability_threshold=None, display=<pycaret.internal.Display.Display object at 0x0000014D192D6550>, kwargs={})
2021-12-06 11:47:05,907:INFO:Checking exceptions
2021-12-06 11:47:05,908:INFO:Importing libraries
2021-12-06 11:47:05,908:INFO:Copying training dataset
2021-12-06 11:47:05,909:INFO:Defining folds
2021-12-06 11:47:05,909:INFO:Declaring metric variables
2021-12-06 11:47:05,926:INFO:Importing untrained model
2021-12-06 11:47:05,939:INFO:Decision Tree Classifier Imported succesfully
2021-12-06 11:47:05,978:INFO:Starting cross validation
2021-12-06 11:47:05,979:INFO:Cross validating with StratifiedKFold(n_splits=10, random_state=None, shuffle=False), n_jobs=-1
2021-12-06 11:47:06,097:INFO:Calculating mean and std
2021-12-06 11:47:06,099:INFO:Creating metrics dataframe
2021-12-06 11:47:06,104:INFO:Uploading results into container
2021-12-06 11:47:06,104:INFO:Uploading model into container now
2021-12-06 11:47:06,104:INFO:create_model_container: 4
2021-12-06 11:47:06,104:INFO:master_model_container: 4
2021-12-06 11:47:06,105:INFO:display_container: 2
2021-12-06 11:47:06,106:INFO:DecisionTreeClassifier(ccp_alpha=0.0, class_weight=None, criterion='gini',
                       max_depth=None, max_features=None, max_leaf_nodes=None,
                       min_impurity_decrease=0.0, min_impurity_split=None,
                       min_samples_leaf=1, min_samples_split=2,
                       min_weight_fraction_leaf=0.0, presort='deprecated',
                       random_state=786, splitter='best')
2021-12-06 11:47:06,106:INFO:create_model() succesfully completed......................................
2021-12-06 11:47:06,293:INFO:SubProcess create_model() end ==================================
2021-12-06 11:47:06,293:INFO:Creating metrics dataframe
2021-12-06 11:47:06,316:INFO:Initializing SVM - Linear Kernel
2021-12-06 11:47:06,316:INFO:Total runtime is 0.5508393049240113 minutes
2021-12-06 11:47:06,327:INFO:SubProcess create_model() called ==================================
2021-12-06 11:47:06,328:INFO:Initializing create_model()
2021-12-06 11:47:06,328:INFO:create_model(estimator=svm, fold=StratifiedKFold(n_splits=10, random_state=None, shuffle=False), round=4, cross_validation=True, predict=True, fit_kwargs={}, groups=None, refit=False, verbose=False, system=False, metrics=None, add_to_model_list=True, probability_threshold=None, display=<pycaret.internal.Display.Display object at 0x0000014D192D6550>, kwargs={})
2021-12-06 11:47:06,329:INFO:Checking exceptions
2021-12-06 11:47:06,329:INFO:Importing libraries
2021-12-06 11:47:06,329:INFO:Copying training dataset
2021-12-06 11:47:06,330:INFO:Defining folds
2021-12-06 11:47:06,331:INFO:Declaring metric variables
2021-12-06 11:47:06,344:INFO:Importing untrained model
2021-12-06 11:47:06,365:INFO:SVM - Linear Kernel Imported succesfully
2021-12-06 11:47:06,407:INFO:Starting cross validation
2021-12-06 11:47:06,408:INFO:Cross validating with StratifiedKFold(n_splits=10, random_state=None, shuffle=False), n_jobs=-1
2021-12-06 11:47:06,511:INFO:Calculating mean and std
2021-12-06 11:47:06,512:INFO:Creating metrics dataframe
2021-12-06 11:47:06,517:INFO:Uploading results into container
2021-12-06 11:47:06,517:INFO:Uploading model into container now
2021-12-06 11:47:06,517:INFO:create_model_container: 5
2021-12-06 11:47:06,518:INFO:master_model_container: 5
2021-12-06 11:47:06,518:INFO:display_container: 2
2021-12-06 11:47:06,518:INFO:SGDClassifier(alpha=0.0001, average=False, class_weight=None,
              early_stopping=False, epsilon=0.1, eta0=0.001, fit_intercept=True,
              l1_ratio=0.15, learning_rate='optimal', loss='hinge',
              max_iter=1000, n_iter_no_change=5, n_jobs=-1, penalty='l2',
              power_t=0.5, random_state=786, shuffle=True, tol=0.001,
              validation_fraction=0.1, verbose=0, warm_start=False)
2021-12-06 11:47:06,518:INFO:create_model() succesfully completed......................................
2021-12-06 11:47:06,729:INFO:SubProcess create_model() end ==================================
2021-12-06 11:47:06,729:INFO:Creating metrics dataframe
2021-12-06 11:47:06,753:INFO:Initializing Ridge Classifier
2021-12-06 11:47:06,754:INFO:Total runtime is 0.5581432263056438 minutes
2021-12-06 11:47:06,766:INFO:SubProcess create_model() called ==================================
2021-12-06 11:47:06,766:INFO:Initializing create_model()
2021-12-06 11:47:06,767:INFO:create_model(estimator=ridge, fold=StratifiedKFold(n_splits=10, random_state=None, shuffle=False), round=4, cross_validation=True, predict=True, fit_kwargs={}, groups=None, refit=False, verbose=False, system=False, metrics=None, add_to_model_list=True, probability_threshold=None, display=<pycaret.internal.Display.Display object at 0x0000014D192D6550>, kwargs={})
2021-12-06 11:47:06,767:INFO:Checking exceptions
2021-12-06 11:47:06,767:INFO:Importing libraries
2021-12-06 11:47:06,767:INFO:Copying training dataset
2021-12-06 11:47:06,769:INFO:Defining folds
2021-12-06 11:47:06,770:INFO:Declaring metric variables
2021-12-06 11:47:06,790:INFO:Importing untrained model
2021-12-06 11:47:06,814:INFO:Ridge Classifier Imported succesfully
2021-12-06 11:47:06,853:INFO:Starting cross validation
2021-12-06 11:47:06,854:INFO:Cross validating with StratifiedKFold(n_splits=10, random_state=None, shuffle=False), n_jobs=-1
2021-12-06 11:47:06,942:INFO:Calculating mean and std
2021-12-06 11:47:06,943:INFO:Creating metrics dataframe
2021-12-06 11:47:06,949:INFO:Uploading results into container
2021-12-06 11:47:06,949:INFO:Uploading model into container now
2021-12-06 11:47:06,949:INFO:create_model_container: 6
2021-12-06 11:47:06,949:INFO:master_model_container: 6
2021-12-06 11:47:06,949:INFO:display_container: 2
2021-12-06 11:47:06,949:INFO:RidgeClassifier(alpha=1.0, class_weight=None, copy_X=True, fit_intercept=True,
                max_iter=None, normalize=False, random_state=786, solver='auto',
                tol=0.001)
2021-12-06 11:47:06,949:INFO:create_model() succesfully completed......................................
2021-12-06 11:47:07,142:INFO:SubProcess create_model() end ==================================
2021-12-06 11:47:07,142:INFO:Creating metrics dataframe
2021-12-06 11:47:07,180:INFO:Initializing Random Forest Classifier
2021-12-06 11:47:07,181:INFO:Total runtime is 0.5652619520823162 minutes
2021-12-06 11:47:07,197:INFO:SubProcess create_model() called ==================================
2021-12-06 11:47:07,197:INFO:Initializing create_model()
2021-12-06 11:47:07,198:INFO:create_model(estimator=rf, fold=StratifiedKFold(n_splits=10, random_state=None, shuffle=False), round=4, cross_validation=True, predict=True, fit_kwargs={}, groups=None, refit=False, verbose=False, system=False, metrics=None, add_to_model_list=True, probability_threshold=None, display=<pycaret.internal.Display.Display object at 0x0000014D192D6550>, kwargs={})
2021-12-06 11:47:07,198:INFO:Checking exceptions
2021-12-06 11:47:07,198:INFO:Importing libraries
2021-12-06 11:47:07,198:INFO:Copying training dataset
2021-12-06 11:47:07,199:INFO:Defining folds
2021-12-06 11:47:07,199:INFO:Declaring metric variables
2021-12-06 11:47:07,217:INFO:Importing untrained model
2021-12-06 11:47:07,237:INFO:Random Forest Classifier Imported succesfully
2021-12-06 11:47:07,270:INFO:Starting cross validation
2021-12-06 11:47:07,271:INFO:Cross validating with StratifiedKFold(n_splits=10, random_state=None, shuffle=False), n_jobs=-1
2021-12-06 11:47:08,313:INFO:Calculating mean and std
2021-12-06 11:47:08,315:INFO:Creating metrics dataframe
2021-12-06 11:47:08,323:INFO:Uploading results into container
2021-12-06 11:47:08,323:INFO:Uploading model into container now
2021-12-06 11:47:08,323:INFO:create_model_container: 7
2021-12-06 11:47:08,323:INFO:master_model_container: 7
2021-12-06 11:47:08,323:INFO:display_container: 2
2021-12-06 11:47:08,324:INFO:RandomForestClassifier(bootstrap=True, ccp_alpha=0.0, class_weight=None,
                       criterion='gini', max_depth=None, max_features='auto',
                       max_leaf_nodes=None, max_samples=None,
                       min_impurity_decrease=0.0, min_impurity_split=None,
                       min_samples_leaf=1, min_samples_split=2,
                       min_weight_fraction_leaf=0.0, n_estimators=100,
                       n_jobs=-1, oob_score=False, random_state=786, verbose=0,
                       warm_start=False)
2021-12-06 11:47:08,325:INFO:create_model() succesfully completed......................................
2021-12-06 11:47:08,512:INFO:SubProcess create_model() end ==================================
2021-12-06 11:47:08,512:INFO:Creating metrics dataframe
2021-12-06 11:47:08,546:INFO:Initializing Quadratic Discriminant Analysis
2021-12-06 11:47:08,546:INFO:Total runtime is 0.5880160808563234 minutes
2021-12-06 11:47:08,575:INFO:SubProcess create_model() called ==================================
2021-12-06 11:47:08,576:INFO:Initializing create_model()
2021-12-06 11:47:08,576:INFO:create_model(estimator=qda, fold=StratifiedKFold(n_splits=10, random_state=None, shuffle=False), round=4, cross_validation=True, predict=True, fit_kwargs={}, groups=None, refit=False, verbose=False, system=False, metrics=None, add_to_model_list=True, probability_threshold=None, display=<pycaret.internal.Display.Display object at 0x0000014D192D6550>, kwargs={})
2021-12-06 11:47:08,576:INFO:Checking exceptions
2021-12-06 11:47:08,576:INFO:Importing libraries
2021-12-06 11:47:08,577:INFO:Copying training dataset
2021-12-06 11:47:08,579:INFO:Defining folds
2021-12-06 11:47:08,580:INFO:Declaring metric variables
2021-12-06 11:47:08,601:INFO:Importing untrained model
2021-12-06 11:47:08,617:INFO:Quadratic Discriminant Analysis Imported succesfully
2021-12-06 11:47:08,655:INFO:Starting cross validation
2021-12-06 11:47:08,656:INFO:Cross validating with StratifiedKFold(n_splits=10, random_state=None, shuffle=False), n_jobs=-1
2021-12-06 11:47:08,757:INFO:Calculating mean and std
2021-12-06 11:47:08,758:INFO:Creating metrics dataframe
2021-12-06 11:47:08,763:INFO:Uploading results into container
2021-12-06 11:47:08,763:INFO:Uploading model into container now
2021-12-06 11:47:08,763:INFO:create_model_container: 8
2021-12-06 11:47:08,763:INFO:master_model_container: 8
2021-12-06 11:47:08,764:INFO:display_container: 2
2021-12-06 11:47:08,765:INFO:QuadraticDiscriminantAnalysis(priors=None, reg_param=0.0,
                              store_covariance=False, tol=0.0001)
2021-12-06 11:47:08,765:INFO:create_model() succesfully completed......................................
2021-12-06 11:47:08,962:INFO:SubProcess create_model() end ==================================
2021-12-06 11:47:08,962:INFO:Creating metrics dataframe
2021-12-06 11:47:08,988:INFO:Initializing Ada Boost Classifier
2021-12-06 11:47:08,989:INFO:Total runtime is 0.5954007705052695 minutes
2021-12-06 11:47:09,001:INFO:SubProcess create_model() called ==================================
2021-12-06 11:47:09,002:INFO:Initializing create_model()
2021-12-06 11:47:09,002:INFO:create_model(estimator=ada, fold=StratifiedKFold(n_splits=10, random_state=None, shuffle=False), round=4, cross_validation=True, predict=True, fit_kwargs={}, groups=None, refit=False, verbose=False, system=False, metrics=None, add_to_model_list=True, probability_threshold=None, display=<pycaret.internal.Display.Display object at 0x0000014D192D6550>, kwargs={})
2021-12-06 11:47:09,002:INFO:Checking exceptions
2021-12-06 11:47:09,003:INFO:Importing libraries
2021-12-06 11:47:09,003:INFO:Copying training dataset
2021-12-06 11:47:09,004:INFO:Defining folds
2021-12-06 11:47:09,005:INFO:Declaring metric variables
2021-12-06 11:47:09,020:INFO:Importing untrained model
2021-12-06 11:47:09,032:INFO:Ada Boost Classifier Imported succesfully
2021-12-06 11:47:09,058:INFO:Starting cross validation
2021-12-06 11:47:09,059:INFO:Cross validating with StratifiedKFold(n_splits=10, random_state=None, shuffle=False), n_jobs=-1
2021-12-06 11:47:09,434:INFO:Calculating mean and std
2021-12-06 11:47:09,436:INFO:Creating metrics dataframe
2021-12-06 11:47:09,440:INFO:Uploading results into container
2021-12-06 11:47:09,441:INFO:Uploading model into container now
2021-12-06 11:47:09,441:INFO:create_model_container: 9
2021-12-06 11:47:09,441:INFO:master_model_container: 9
2021-12-06 11:47:09,441:INFO:display_container: 2
2021-12-06 11:47:09,441:INFO:AdaBoostClassifier(algorithm='SAMME.R', base_estimator=None, learning_rate=1.0,
                   n_estimators=50, random_state=786)
2021-12-06 11:47:09,441:INFO:create_model() succesfully completed......................................
2021-12-06 11:47:09,621:INFO:SubProcess create_model() end ==================================
2021-12-06 11:47:09,622:INFO:Creating metrics dataframe
2021-12-06 11:47:09,642:INFO:Initializing Gradient Boosting Classifier
2021-12-06 11:47:09,642:INFO:Total runtime is 0.6062888224919638 minutes
2021-12-06 11:47:09,662:INFO:SubProcess create_model() called ==================================
2021-12-06 11:47:09,663:INFO:Initializing create_model()
2021-12-06 11:47:09,663:INFO:create_model(estimator=gbc, fold=StratifiedKFold(n_splits=10, random_state=None, shuffle=False), round=4, cross_validation=True, predict=True, fit_kwargs={}, groups=None, refit=False, verbose=False, system=False, metrics=None, add_to_model_list=True, probability_threshold=None, display=<pycaret.internal.Display.Display object at 0x0000014D192D6550>, kwargs={})
2021-12-06 11:47:09,663:INFO:Checking exceptions
2021-12-06 11:47:09,664:INFO:Importing libraries
2021-12-06 11:47:09,664:INFO:Copying training dataset
2021-12-06 11:47:09,666:INFO:Defining folds
2021-12-06 11:47:09,667:INFO:Declaring metric variables
2021-12-06 11:47:09,690:INFO:Importing untrained model
2021-12-06 11:47:09,712:INFO:Gradient Boosting Classifier Imported succesfully
2021-12-06 11:47:09,734:INFO:Starting cross validation
2021-12-06 11:47:09,735:INFO:Cross validating with StratifiedKFold(n_splits=10, random_state=None, shuffle=False), n_jobs=-1
2021-12-06 11:47:10,295:INFO:Calculating mean and std
2021-12-06 11:47:10,297:INFO:Creating metrics dataframe
2021-12-06 11:47:10,301:INFO:Uploading results into container
2021-12-06 11:47:10,301:INFO:Uploading model into container now
2021-12-06 11:47:10,301:INFO:create_model_container: 10
2021-12-06 11:47:10,301:INFO:master_model_container: 10
2021-12-06 11:47:10,301:INFO:display_container: 2
2021-12-06 11:47:10,301:INFO:GradientBoostingClassifier(ccp_alpha=0.0, criterion='friedman_mse', init=None,
                           learning_rate=0.1, loss='deviance', max_depth=3,
                           max_features=None, max_leaf_nodes=None,
                           min_impurity_decrease=0.0, min_impurity_split=None,
                           min_samples_leaf=1, min_samples_split=2,
                           min_weight_fraction_leaf=0.0, n_estimators=100,
                           n_iter_no_change=None, presort='deprecated',
                           random_state=786, subsample=1.0, tol=0.0001,
                           validation_fraction=0.1, verbose=0,
                           warm_start=False)
2021-12-06 11:47:10,301:INFO:create_model() succesfully completed......................................
2021-12-06 11:47:10,482:INFO:SubProcess create_model() end ==================================
2021-12-06 11:47:10,482:INFO:Creating metrics dataframe
2021-12-06 11:47:10,499:INFO:Initializing Linear Discriminant Analysis
2021-12-06 11:47:10,499:INFO:Total runtime is 0.6205593585968019 minutes
2021-12-06 11:47:10,509:INFO:SubProcess create_model() called ==================================
2021-12-06 11:47:10,509:INFO:Initializing create_model()
2021-12-06 11:47:10,510:INFO:create_model(estimator=lda, fold=StratifiedKFold(n_splits=10, random_state=None, shuffle=False), round=4, cross_validation=True, predict=True, fit_kwargs={}, groups=None, refit=False, verbose=False, system=False, metrics=None, add_to_model_list=True, probability_threshold=None, display=<pycaret.internal.Display.Display object at 0x0000014D192D6550>, kwargs={})
2021-12-06 11:47:10,510:INFO:Checking exceptions
2021-12-06 11:47:10,510:INFO:Importing libraries
2021-12-06 11:47:10,510:INFO:Copying training dataset
2021-12-06 11:47:10,511:INFO:Defining folds
2021-12-06 11:47:10,511:INFO:Declaring metric variables
2021-12-06 11:47:10,519:INFO:Importing untrained model
2021-12-06 11:47:10,527:INFO:Linear Discriminant Analysis Imported succesfully
2021-12-06 11:47:10,546:INFO:Starting cross validation
2021-12-06 11:47:10,547:INFO:Cross validating with StratifiedKFold(n_splits=10, random_state=None, shuffle=False), n_jobs=-1
2021-12-06 11:47:10,597:INFO:Calculating mean and std
2021-12-06 11:47:10,599:INFO:Creating metrics dataframe
2021-12-06 11:47:10,602:INFO:Uploading results into container
2021-12-06 11:47:10,602:INFO:Uploading model into container now
2021-12-06 11:47:10,602:INFO:create_model_container: 11
2021-12-06 11:47:10,602:INFO:master_model_container: 11
2021-12-06 11:47:10,602:INFO:display_container: 2
2021-12-06 11:47:10,602:INFO:LinearDiscriminantAnalysis(n_components=None, priors=None, shrinkage=None,
                           solver='svd', store_covariance=False, tol=0.0001)
2021-12-06 11:47:10,603:INFO:create_model() succesfully completed......................................
2021-12-06 11:47:10,775:INFO:SubProcess create_model() end ==================================
2021-12-06 11:47:10,775:INFO:Creating metrics dataframe
2021-12-06 11:47:10,793:INFO:Initializing Extra Trees Classifier
2021-12-06 11:47:10,793:INFO:Total runtime is 0.6254605054855348 minutes
2021-12-06 11:47:10,805:INFO:SubProcess create_model() called ==================================
2021-12-06 11:47:10,806:INFO:Initializing create_model()
2021-12-06 11:47:10,806:INFO:create_model(estimator=et, fold=StratifiedKFold(n_splits=10, random_state=None, shuffle=False), round=4, cross_validation=True, predict=True, fit_kwargs={}, groups=None, refit=False, verbose=False, system=False, metrics=None, add_to_model_list=True, probability_threshold=None, display=<pycaret.internal.Display.Display object at 0x0000014D192D6550>, kwargs={})
2021-12-06 11:47:10,806:INFO:Checking exceptions
2021-12-06 11:47:10,806:INFO:Importing libraries
2021-12-06 11:47:10,806:INFO:Copying training dataset
2021-12-06 11:47:10,807:INFO:Defining folds
2021-12-06 11:47:10,808:INFO:Declaring metric variables
2021-12-06 11:47:10,822:INFO:Importing untrained model
2021-12-06 11:47:10,837:INFO:Extra Trees Classifier Imported succesfully
2021-12-06 11:47:10,851:INFO:Starting cross validation
2021-12-06 11:47:10,852:INFO:Cross validating with StratifiedKFold(n_splits=10, random_state=None, shuffle=False), n_jobs=-1
2021-12-06 11:47:11,410:INFO:Calculating mean and std
2021-12-06 11:47:11,412:INFO:Creating metrics dataframe
2021-12-06 11:47:11,415:INFO:Uploading results into container
2021-12-06 11:47:11,415:INFO:Uploading model into container now
2021-12-06 11:47:11,415:INFO:create_model_container: 12
2021-12-06 11:47:11,415:INFO:master_model_container: 12
2021-12-06 11:47:11,415:INFO:display_container: 2
2021-12-06 11:47:11,416:INFO:ExtraTreesClassifier(bootstrap=False, ccp_alpha=0.0, class_weight=None,
                     criterion='gini', max_depth=None, max_features='auto',
                     max_leaf_nodes=None, max_samples=None,
                     min_impurity_decrease=0.0, min_impurity_split=None,
                     min_samples_leaf=1, min_samples_split=2,
                     min_weight_fraction_leaf=0.0, n_estimators=100, n_jobs=-1,
                     oob_score=False, random_state=786, verbose=0,
                     warm_start=False)
2021-12-06 11:47:11,416:INFO:create_model() succesfully completed......................................
2021-12-06 11:47:11,579:INFO:SubProcess create_model() end ==================================
2021-12-06 11:47:11,579:INFO:Creating metrics dataframe
2021-12-06 11:47:11,608:INFO:Initializing Extreme Gradient Boosting
2021-12-06 11:47:11,608:INFO:Total runtime is 0.6390472253163657 minutes
2021-12-06 11:47:11,620:INFO:SubProcess create_model() called ==================================
2021-12-06 11:47:11,621:INFO:Initializing create_model()
2021-12-06 11:47:11,621:INFO:create_model(estimator=xgboost, fold=StratifiedKFold(n_splits=10, random_state=None, shuffle=False), round=4, cross_validation=True, predict=True, fit_kwargs={}, groups=None, refit=False, verbose=False, system=False, metrics=None, add_to_model_list=True, probability_threshold=None, display=<pycaret.internal.Display.Display object at 0x0000014D192D6550>, kwargs={})
2021-12-06 11:47:11,621:INFO:Checking exceptions
2021-12-06 11:47:11,621:INFO:Importing libraries
2021-12-06 11:47:11,622:INFO:Copying training dataset
2021-12-06 11:47:11,623:INFO:Defining folds
2021-12-06 11:47:11,623:INFO:Declaring metric variables
2021-12-06 11:47:11,641:INFO:Importing untrained model
2021-12-06 11:47:11,660:INFO:Extreme Gradient Boosting Imported succesfully
2021-12-06 11:47:11,683:INFO:Starting cross validation
2021-12-06 11:47:11,687:INFO:Cross validating with StratifiedKFold(n_splits=10, random_state=None, shuffle=False), n_jobs=-1
2021-12-06 11:47:15,809:INFO:Calculating mean and std
2021-12-06 11:47:15,810:INFO:Creating metrics dataframe
2021-12-06 11:47:15,817:INFO:Uploading results into container
2021-12-06 11:47:15,817:INFO:Uploading model into container now
2021-12-06 11:47:15,818:INFO:create_model_container: 13
2021-12-06 11:47:15,818:INFO:master_model_container: 13
2021-12-06 11:47:15,818:INFO:display_container: 2
2021-12-06 11:47:15,819:INFO:XGBClassifier(base_score=None, booster='gbtree', colsample_bylevel=None,
              colsample_bynode=None, colsample_bytree=None, gamma=None,
              gpu_id=None, importance_type='gain', interaction_constraints=None,
              learning_rate=None, max_delta_step=None, max_depth=None,
              min_child_weight=None, missing=nan, monotone_constraints=None,
              n_estimators=100, n_jobs=-1, num_parallel_tree=None,
              objective='binary:logistic', random_state=786, reg_alpha=None,
              reg_lambda=None, scale_pos_weight=None, subsample=None,
              tree_method='auto', use_label_encoder=True,
              validate_parameters=None, verbosity=0)
2021-12-06 11:47:15,820:INFO:create_model() succesfully completed......................................
2021-12-06 11:47:16,026:INFO:SubProcess create_model() end ==================================
2021-12-06 11:47:16,026:INFO:Creating metrics dataframe
2021-12-06 11:47:16,055:INFO:Initializing Light Gradient Boosting Machine
2021-12-06 11:47:16,055:INFO:Total runtime is 0.7131620724995933 minutes
2021-12-06 11:47:16,071:INFO:SubProcess create_model() called ==================================
2021-12-06 11:47:16,071:INFO:Initializing create_model()
2021-12-06 11:47:16,072:INFO:create_model(estimator=lightgbm, fold=StratifiedKFold(n_splits=10, random_state=None, shuffle=False), round=4, cross_validation=True, predict=True, fit_kwargs={}, groups=None, refit=False, verbose=False, system=False, metrics=None, add_to_model_list=True, probability_threshold=None, display=<pycaret.internal.Display.Display object at 0x0000014D192D6550>, kwargs={})
2021-12-06 11:47:16,072:INFO:Checking exceptions
2021-12-06 11:47:16,072:INFO:Importing libraries
2021-12-06 11:47:16,072:INFO:Copying training dataset
2021-12-06 11:47:16,074:INFO:Defining folds
2021-12-06 11:47:16,074:INFO:Declaring metric variables
2021-12-06 11:47:16,094:INFO:Importing untrained model
2021-12-06 11:47:16,108:INFO:Light Gradient Boosting Machine Imported succesfully
2021-12-06 11:47:16,137:INFO:Starting cross validation
2021-12-06 11:47:16,138:INFO:Cross validating with StratifiedKFold(n_splits=10, random_state=None, shuffle=False), n_jobs=-1
2021-12-06 11:47:18,693:INFO:Calculating mean and std
2021-12-06 11:47:18,695:INFO:Creating metrics dataframe
2021-12-06 11:47:18,703:INFO:Uploading results into container
2021-12-06 11:47:18,703:INFO:Uploading model into container now
2021-12-06 11:47:18,704:INFO:create_model_container: 14
2021-12-06 11:47:18,704:INFO:master_model_container: 14
2021-12-06 11:47:18,704:INFO:display_container: 2
2021-12-06 11:47:18,705:INFO:LGBMClassifier(boosting_type='gbdt', class_weight=None, colsample_bytree=1.0,
               importance_type='split', learning_rate=0.1, max_depth=-1,
               min_child_samples=20, min_child_weight=0.001, min_split_gain=0.0,
               n_estimators=100, n_jobs=-1, num_leaves=31, objective=None,
               random_state=786, reg_alpha=0.0, reg_lambda=0.0, silent='warn',
               subsample=1.0, subsample_for_bin=200000, subsample_freq=0)
2021-12-06 11:47:18,705:INFO:create_model() succesfully completed......................................
2021-12-06 11:47:18,926:INFO:SubProcess create_model() end ==================================
2021-12-06 11:47:18,926:INFO:Creating metrics dataframe
2021-12-06 11:47:18,954:INFO:Initializing CatBoost Classifier
2021-12-06 11:47:18,954:INFO:Total runtime is 0.761481046676636 minutes
2021-12-06 11:47:18,969:INFO:SubProcess create_model() called ==================================
2021-12-06 11:47:18,969:INFO:Initializing create_model()
2021-12-06 11:47:18,969:INFO:create_model(estimator=catboost, fold=StratifiedKFold(n_splits=10, random_state=None, shuffle=False), round=4, cross_validation=True, predict=True, fit_kwargs={}, groups=None, refit=False, verbose=False, system=False, metrics=None, add_to_model_list=True, probability_threshold=None, display=<pycaret.internal.Display.Display object at 0x0000014D192D6550>, kwargs={})
2021-12-06 11:47:18,969:INFO:Checking exceptions
2021-12-06 11:47:18,969:INFO:Importing libraries
2021-12-06 11:47:18,969:INFO:Copying training dataset
2021-12-06 11:47:18,971:INFO:Defining folds
2021-12-06 11:47:18,971:INFO:Declaring metric variables
2021-12-06 11:47:18,990:INFO:Importing untrained model
2021-12-06 11:47:19,004:INFO:CatBoost Classifier Imported succesfully
2021-12-06 11:47:19,031:INFO:Starting cross validation
2021-12-06 11:47:19,344:INFO:Cross validating with StratifiedKFold(n_splits=10, random_state=None, shuffle=False), n_jobs=-1
2021-12-06 11:47:25,798:INFO:Calculating mean and std
2021-12-06 11:47:25,800:INFO:Creating metrics dataframe
2021-12-06 11:47:25,809:INFO:Uploading results into container
2021-12-06 11:47:25,809:INFO:Uploading model into container now
2021-12-06 11:47:25,809:INFO:create_model_container: 15
2021-12-06 11:47:25,810:INFO:master_model_container: 15
2021-12-06 11:47:25,810:INFO:display_container: 2
2021-12-06 11:47:25,810:INFO:<catboost.core.CatBoostClassifier object at 0x0000014D1EF572E0>
2021-12-06 11:47:25,810:INFO:create_model() succesfully completed......................................
2021-12-06 11:47:26,058:WARNING:create_model() for <catboost.core.CatBoostClassifier object at 0x0000014D1EF572E0> raised an exception or returned all 0.0, trying without fit_kwargs:
2021-12-06 11:47:26,060:WARNING:Traceback (most recent call last):
  File "C:\Users\Balaji\AppData\Roaming\Python\Python38\site-packages\pycaret\internal\tabular.py", line 2204, in compare_models
    assert np.sum(model_results.iloc[0]) != 0.0
AssertionError

2021-12-06 11:47:26,060:INFO:Initializing create_model()
2021-12-06 11:47:26,060:INFO:create_model(estimator=catboost, fold=StratifiedKFold(n_splits=10, random_state=None, shuffle=False), round=4, cross_validation=True, predict=True, fit_kwargs={}, groups=None, refit=False, verbose=False, system=False, metrics=None, add_to_model_list=True, probability_threshold=None, display=<pycaret.internal.Display.Display object at 0x0000014D192D6550>, kwargs={})
2021-12-06 11:47:26,060:INFO:Checking exceptions
2021-12-06 11:47:26,060:INFO:Importing libraries
2021-12-06 11:47:26,060:INFO:Copying training dataset
2021-12-06 11:47:26,061:INFO:Defining folds
2021-12-06 11:47:26,061:INFO:Declaring metric variables
2021-12-06 11:47:26,073:INFO:Importing untrained model
2021-12-06 11:47:26,087:INFO:CatBoost Classifier Imported succesfully
2021-12-06 11:47:26,115:INFO:Starting cross validation
2021-12-06 11:47:26,116:INFO:Cross validating with StratifiedKFold(n_splits=10, random_state=None, shuffle=False), n_jobs=-1
2021-12-06 11:47:39,155:INFO:Calculating mean and std
2021-12-06 11:47:39,157:INFO:Creating metrics dataframe
2021-12-06 11:47:39,163:INFO:Uploading results into container
2021-12-06 11:47:39,163:INFO:Uploading model into container now
2021-12-06 11:47:39,163:INFO:create_model_container: 16
2021-12-06 11:47:39,164:INFO:master_model_container: 16
2021-12-06 11:47:39,164:INFO:display_container: 2
2021-12-06 11:47:39,164:INFO:<catboost.core.CatBoostClassifier object at 0x0000014D1EF3CFD0>
2021-12-06 11:47:39,164:INFO:create_model() succesfully completed......................................
2021-12-06 11:47:39,597:INFO:SubProcess create_model() end ==================================
2021-12-06 11:47:39,597:INFO:Creating metrics dataframe
2021-12-06 11:47:39,633:INFO:Initializing Dummy Classifier
2021-12-06 11:47:39,634:INFO:Total runtime is 1.1061454534530641 minutes
2021-12-06 11:47:39,647:INFO:SubProcess create_model() called ==================================
2021-12-06 11:47:39,647:INFO:Initializing create_model()
2021-12-06 11:47:39,648:INFO:create_model(estimator=dummy, fold=StratifiedKFold(n_splits=10, random_state=None, shuffle=False), round=4, cross_validation=True, predict=True, fit_kwargs={}, groups=None, refit=False, verbose=False, system=False, metrics=None, add_to_model_list=True, probability_threshold=None, display=<pycaret.internal.Display.Display object at 0x0000014D192D6550>, kwargs={})
2021-12-06 11:47:39,648:INFO:Checking exceptions
2021-12-06 11:47:39,648:INFO:Importing libraries
2021-12-06 11:47:39,649:INFO:Copying training dataset
2021-12-06 11:47:39,651:INFO:Defining folds
2021-12-06 11:47:39,651:INFO:Declaring metric variables
2021-12-06 11:47:39,663:INFO:Importing untrained model
2021-12-06 11:47:39,678:INFO:Dummy Classifier Imported succesfully
2021-12-06 11:47:39,711:INFO:Starting cross validation
2021-12-06 11:47:39,712:INFO:Cross validating with StratifiedKFold(n_splits=10, random_state=None, shuffle=False), n_jobs=-1
2021-12-06 11:47:39,779:INFO:Calculating mean and std
2021-12-06 11:47:39,780:INFO:Creating metrics dataframe
2021-12-06 11:47:39,785:INFO:Uploading results into container
2021-12-06 11:47:39,786:INFO:Uploading model into container now
2021-12-06 11:47:39,786:INFO:create_model_container: 17
2021-12-06 11:47:39,786:INFO:master_model_container: 17
2021-12-06 11:47:39,786:INFO:display_container: 2
2021-12-06 11:47:39,786:INFO:DummyClassifier(constant=None, random_state=786, strategy='prior')
2021-12-06 11:47:39,786:INFO:create_model() succesfully completed......................................
2021-12-06 11:47:40,247:INFO:SubProcess create_model() end ==================================
2021-12-06 11:47:40,248:INFO:Creating metrics dataframe
2021-12-06 11:47:40,314:INFO:Initializing create_model()
2021-12-06 11:47:40,314:INFO:create_model(estimator=<catboost.core.CatBoostClassifier object at 0x0000014D1EF3CFD0>, fold=StratifiedKFold(n_splits=10, random_state=None, shuffle=False), round=4, cross_validation=False, predict=False, fit_kwargs={}, groups=None, refit=True, verbose=False, system=False, metrics=None, add_to_model_list=True, probability_threshold=None, display=None, kwargs={})
2021-12-06 11:47:40,314:INFO:Checking exceptions
2021-12-06 11:47:40,314:INFO:Importing libraries
2021-12-06 11:47:40,314:INFO:Copying training dataset
2021-12-06 11:47:40,315:INFO:Defining folds
2021-12-06 11:47:40,316:INFO:Declaring metric variables
2021-12-06 11:47:40,316:INFO:Importing untrained model
2021-12-06 11:47:40,316:INFO:Declaring custom model
2021-12-06 11:47:40,317:INFO:CatBoost Classifier Imported succesfully
2021-12-06 11:47:40,317:INFO:Cross validation set to False
2021-12-06 11:47:40,318:INFO:Fitting Model
2021-12-06 11:47:44,905:INFO:<catboost.core.CatBoostClassifier object at 0x0000014D1EF45340>
2021-12-06 11:47:44,906:INFO:create_models() succesfully completed......................................
2021-12-06 11:47:45,506:INFO:create_model_container: 17
2021-12-06 11:47:45,507:INFO:master_model_container: 17
2021-12-06 11:47:45,507:INFO:display_container: 2
2021-12-06 11:47:45,508:INFO:<catboost.core.CatBoostClassifier object at 0x0000014D1EF45340>
2021-12-06 11:47:45,508:INFO:compare_models() succesfully completed......................................
2021-12-06 11:49:12,533:INFO:Initializing create_model()
2021-12-06 11:49:12,533:INFO:create_model(estimator=rf, fold=None, round=4, cross_validation=True, predict=True, fit_kwargs=None, groups=None, refit=True, verbose=True, system=True, metrics=None, add_to_model_list=True, probability_threshold=None, display=None, kwargs={})
2021-12-06 11:49:12,533:INFO:Checking exceptions
2021-12-06 11:49:12,534:INFO:Preparing display monitor
2021-12-06 11:49:12,574:INFO:Importing libraries
2021-12-06 11:49:12,575:INFO:Copying training dataset
2021-12-06 11:49:12,578:INFO:Defining folds
2021-12-06 11:49:12,578:INFO:Declaring metric variables
2021-12-06 11:49:12,593:INFO:Importing untrained model
2021-12-06 11:49:12,609:INFO:Random Forest Classifier Imported succesfully
2021-12-06 11:49:12,648:INFO:Starting cross validation
2021-12-06 11:49:12,649:INFO:Cross validating with StratifiedKFold(n_splits=10, random_state=None, shuffle=False), n_jobs=-1
2021-12-06 11:49:13,697:INFO:Calculating mean and std
2021-12-06 11:49:13,699:INFO:Creating metrics dataframe
2021-12-06 11:49:13,716:INFO:Finalizing model
2021-12-06 11:49:14,140:INFO:Uploading results into container
2021-12-06 11:49:14,140:INFO:Uploading model into container now
2021-12-06 11:49:14,170:INFO:create_model_container: 18
2021-12-06 11:49:14,171:INFO:master_model_container: 18
2021-12-06 11:49:14,171:INFO:display_container: 3
2021-12-06 11:49:14,172:INFO:RandomForestClassifier(bootstrap=True, ccp_alpha=0.0, class_weight=None,
                       criterion='gini', max_depth=None, max_features='auto',
                       max_leaf_nodes=None, max_samples=None,
                       min_impurity_decrease=0.0, min_impurity_split=None,
                       min_samples_leaf=1, min_samples_split=2,
                       min_weight_fraction_leaf=0.0, n_estimators=100,
                       n_jobs=-1, oob_score=False, random_state=786, verbose=0,
                       warm_start=False)
2021-12-06 11:49:14,173:INFO:create_model() succesfully completed......................................
2021-12-06 11:49:14,402:INFO:Initializing predict_model()
2021-12-06 11:49:14,402:INFO:predict_model(estimator=RandomForestClassifier(bootstrap=True, ccp_alpha=0.0, class_weight=None,
                       criterion='gini', max_depth=None, max_features='auto',
                       max_leaf_nodes=None, max_samples=None,
                       min_impurity_decrease=0.0, min_impurity_split=None,
                       min_samples_leaf=1, min_samples_split=2,
                       min_weight_fraction_leaf=0.0, n_estimators=100,
                       n_jobs=-1, oob_score=False, random_state=786, verbose=0,
                       warm_start=False), probability_threshold=None, encoded_labels=False, raw_score=False, round=4, verbose=True, ml_usecase=MLUsecase.CLASSIFICATION, display=None)
2021-12-06 11:49:14,402:INFO:Checking exceptions
2021-12-06 11:49:14,402:INFO:Preloading libraries
2021-12-06 11:49:14,402:INFO:Preparing display monitor
